2019-05-09 14:45:41,972 INFO o.a.j.u.JMeterUtils: Setting Locale to en_EN
2019-05-09 14:45:42,002 INFO o.a.j.JMeter: Loading user properties from: C:\work\apache-jmeter-5.1.1\bin\user.properties
2019-05-09 14:45:42,003 INFO o.a.j.JMeter: Loading system properties from: C:\work\apache-jmeter-5.1.1\bin\system.properties
2019-05-09 14:45:42,011 INFO o.a.j.JMeter: Copyright (c) 1998-2019 The Apache Software Foundation
2019-05-09 14:45:42,011 INFO o.a.j.JMeter: Version 5.1.1 r1855137
2019-05-09 14:45:42,011 INFO o.a.j.JMeter: java.version=1.8.0_144
2019-05-09 14:45:42,011 INFO o.a.j.JMeter: java.vm.name=Java HotSpot(TM) 64-Bit Server VM
2019-05-09 14:45:42,011 INFO o.a.j.JMeter: os.name=Windows 7
2019-05-09 14:45:42,011 INFO o.a.j.JMeter: os.arch=amd64
2019-05-09 14:45:42,011 INFO o.a.j.JMeter: os.version=6.1
2019-05-09 14:45:42,011 INFO o.a.j.JMeter: file.encoding=Cp1252
2019-05-09 14:45:42,011 INFO o.a.j.JMeter: java.awt.headless=null
2019-05-09 14:45:42,011 INFO o.a.j.JMeter: Max memory     =1073741824
2019-05-09 14:45:42,011 INFO o.a.j.JMeter: Available Processors =2
2019-05-09 14:45:42,014 INFO o.a.j.JMeter: Default Locale=English (EN)
2019-05-09 14:45:42,014 INFO o.a.j.JMeter: JMeter  Locale=English (EN)
2019-05-09 14:45:42,014 INFO o.a.j.JMeter: JMeterHome=C:\work\apache-jmeter-5.1.1
2019-05-09 14:45:42,014 INFO o.a.j.JMeter: user.dir  =C:\Users\Admin\Desktop\Final project\TaskManagerService-master\TaskManagerService-master\src
2019-05-09 14:45:42,014 INFO o.a.j.JMeter: PWD       =C:\Users\Admin\Desktop\Final project\TaskManagerService-master\TaskManagerService-master\src
2019-05-09 14:45:42,017 INFO o.a.j.JMeter: IP: 172.18.1.114 Name: Javafs FullName: 172.18.1.114
2019-05-09 14:45:42,157 INFO o.a.j.g.a.LookAndFeelCommand: Installing Darcula LAF
2019-05-09 14:45:42,167 INFO o.a.j.g.a.LookAndFeelCommand: Using look and feel: javax.swing.plaf.nimbus.NimbusLookAndFeel [Darcula]
2019-05-09 14:45:42,167 INFO o.a.j.JMeter: Setting LAF to: javax.swing.plaf.nimbus.NimbusLookAndFeel
2019-05-09 14:45:42,195 INFO o.a.j.JMeter: Loaded icon properties from org/apache/jmeter/images/icon.properties
2019-05-09 14:45:45,018 INFO o.a.j.p.h.s.HTTPSamplerBase: Parser for text/html is org.apache.jmeter.protocol.http.parser.LagartoBasedHtmlParser
2019-05-09 14:45:45,019 INFO o.a.j.p.h.s.HTTPSamplerBase: Parser for application/xhtml+xml is org.apache.jmeter.protocol.http.parser.LagartoBasedHtmlParser
2019-05-09 14:45:45,019 INFO o.a.j.p.h.s.HTTPSamplerBase: Parser for application/xml is org.apache.jmeter.protocol.http.parser.LagartoBasedHtmlParser
2019-05-09 14:45:45,019 INFO o.a.j.p.h.s.HTTPSamplerBase: Parser for text/xml is org.apache.jmeter.protocol.http.parser.LagartoBasedHtmlParser
2019-05-09 14:45:45,019 INFO o.a.j.p.h.s.HTTPSamplerBase: Parser for text/vnd.wap.wml is org.apache.jmeter.protocol.http.parser.RegexpHTMLParser
2019-05-09 14:45:45,019 INFO o.a.j.p.h.s.HTTPSamplerBase: Parser for text/css is org.apache.jmeter.protocol.http.parser.CssParser
2019-05-09 14:45:45,434 INFO o.a.j.e.KeyToolUtils: keytool found at 'keytool'
2019-05-09 14:45:45,435 INFO o.a.j.p.h.p.ProxyControl: HTTP(S) Test Script Recorder SSL Proxy will use keys that support embedded 3rd party resources in file C:\work\apache-jmeter-5.1.1\bin\proxyserver.jks
2019-05-09 14:45:45,674 INFO o.a.j.s.FileServer: Default base='C:\Users\Admin\Desktop\Final project\TaskManagerService-master\TaskManagerService-master\src'
2019-05-09 14:45:46,117 INFO o.a.j.s.SampleResult: Note: Sample TimeStamps are START times
2019-05-09 14:45:46,117 INFO o.a.j.s.SampleResult: sampleresult.default.encoding is set to ISO-8859-1
2019-05-09 14:45:46,117 INFO o.a.j.s.SampleResult: sampleresult.useNanoTime=true
2019-05-09 14:45:46,117 INFO o.a.j.s.SampleResult: sampleresult.nanoThreadSleep=5000
2019-05-09 14:45:56,824 INFO o.a.j.g.a.Load: Loading file: C:\Users\Admin\Desktop\Final project\TaskManagerService-master\TaskManagerService-master\my unit test.jmx
2019-05-09 14:45:56,824 INFO o.a.j.s.FileServer: Set new base='C:\Users\Admin\Desktop\Final project\TaskManagerService-master\TaskManagerService-master'
2019-05-09 14:45:56,991 INFO o.a.j.s.SaveService: Testplan (JMX) version: 2.2. Testlog (JTL) version: 2.2
2019-05-09 14:45:57,010 INFO o.a.j.s.SaveService: Using SaveService properties file encoding UTF-8
2019-05-09 14:45:57,011 INFO o.a.j.s.SaveService: Using SaveService properties version 5.0
2019-05-09 14:45:57,014 INFO o.a.j.s.SaveService: Loading file: C:\Users\Admin\Desktop\Final project\TaskManagerService-master\TaskManagerService-master\my unit test.jmx
2019-05-09 14:45:57,118 INFO o.a.j.s.FileServer: Set new base='C:\Users\Admin\Desktop\Final project\TaskManagerService-master\TaskManagerService-master'
2019-05-09 14:46:08,141 INFO o.a.j.e.StandardJMeterEngine: Running the test!
2019-05-09 14:46:08,142 INFO o.a.j.s.SampleEvent: List of sample_variables: []
2019-05-09 14:46:08,142 INFO o.a.j.s.SampleEvent: List of sample_variables: []
2019-05-09 14:46:08,143 INFO o.a.j.e.u.CompoundVariable: Note: Function class names must contain the string: '.functions.'
2019-05-09 14:46:08,144 INFO o.a.j.e.u.CompoundVariable: Note: Function class names must not contain the string: '.gui.'
2019-05-09 14:46:08,590 INFO o.a.j.g.u.JMeterMenuBar: setRunning(true, *local*)
2019-05-09 14:46:08,754 INFO o.a.j.e.StandardJMeterEngine: Starting ThreadGroup: 1 : Thread Group
2019-05-09 14:46:08,754 INFO o.a.j.e.StandardJMeterEngine: Starting 10 threads for group Thread Group.
2019-05-09 14:46:08,754 INFO o.a.j.e.StandardJMeterEngine: Thread will continue on error
2019-05-09 14:46:08,754 INFO o.a.j.t.ThreadGroup: Starting thread group... number=1 threads=10 ramp-up=1 delayedStart=false
2019-05-09 14:46:08,758 INFO o.a.j.t.ThreadGroup: Started thread group number 1
2019-05-09 14:46:08,759 INFO o.a.j.e.StandardJMeterEngine: All thread groups have been started
2019-05-09 14:46:08,863 INFO o.a.j.t.JMeterThread: Thread started: Thread Group 1-1
2019-05-09 14:46:08,865 INFO o.a.j.p.j.s.JUnitSampler: Trying to find constructor with one String parameter returned error: test.RerunTest.<init>(java.lang.String)
2019-05-09 14:46:08,866 WARN o.a.j.p.j.s.JUnitSampler: test.RerunTest.setUp()
2019-05-09 14:46:08,866 WARN o.a.j.p.j.s.JUnitSampler: test.RerunTest.tearDown()
2019-05-09 14:46:08,871 INFO o.a.j.t.JMeterThread: Thread is done: Thread Group 1-1
2019-05-09 14:46:08,871 INFO o.a.j.t.JMeterThread: Thread finished: Thread Group 1-1
2019-05-09 14:46:09,081 INFO o.a.j.t.JMeterThread: Thread started: Thread Group 1-2
2019-05-09 14:46:09,081 INFO o.a.j.p.j.s.JUnitSampler: Trying to find constructor with one String parameter returned error: test.RerunTest.<init>(java.lang.String)
2019-05-09 14:46:09,083 WARN o.a.j.p.j.s.JUnitSampler: test.RerunTest.setUp()
2019-05-09 14:46:09,086 WARN o.a.j.p.j.s.JUnitSampler: test.RerunTest.tearDown()
2019-05-09 14:46:09,087 INFO o.a.j.t.JMeterThread: Thread is done: Thread Group 1-2
2019-05-09 14:46:09,087 INFO o.a.j.t.JMeterThread: Thread finished: Thread Group 1-2
2019-05-09 14:46:09,181 INFO o.a.j.t.JMeterThread: Thread started: Thread Group 1-3
2019-05-09 14:46:09,183 INFO o.a.j.p.j.s.JUnitSampler: Trying to find constructor with one String parameter returned error: test.RerunTest.<init>(java.lang.String)
2019-05-09 14:46:09,184 WARN o.a.j.p.j.s.JUnitSampler: test.RerunTest.setUp()
2019-05-09 14:46:09,184 WARN o.a.j.p.j.s.JUnitSampler: test.RerunTest.tearDown()
2019-05-09 14:46:09,185 INFO o.a.j.t.JMeterThread: Thread is done: Thread Group 1-3
2019-05-09 14:46:09,185 INFO o.a.j.t.JMeterThread: Thread finished: Thread Group 1-3
2019-05-09 14:46:09,280 INFO o.a.j.t.JMeterThread: Thread started: Thread Group 1-4
2019-05-09 14:46:09,281 INFO o.a.j.p.j.s.JUnitSampler: Trying to find constructor with one String parameter returned error: test.RerunTest.<init>(java.lang.String)
2019-05-09 14:46:09,281 WARN o.a.j.p.j.s.JUnitSampler: test.RerunTest.setUp()
2019-05-09 14:46:09,281 WARN o.a.j.p.j.s.JUnitSampler: test.RerunTest.tearDown()
2019-05-09 14:46:09,282 INFO o.a.j.t.JMeterThread: Thread is done: Thread Group 1-4
2019-05-09 14:46:09,282 INFO o.a.j.t.JMeterThread: Thread finished: Thread Group 1-4
2019-05-09 14:46:09,380 INFO o.a.j.t.JMeterThread: Thread started: Thread Group 1-5
2019-05-09 14:46:09,380 INFO o.a.j.p.j.s.JUnitSampler: Trying to find constructor with one String parameter returned error: test.RerunTest.<init>(java.lang.String)
2019-05-09 14:46:09,381 WARN o.a.j.p.j.s.JUnitSampler: test.RerunTest.setUp()
2019-05-09 14:46:09,381 WARN o.a.j.p.j.s.JUnitSampler: test.RerunTest.tearDown()
2019-05-09 14:46:09,383 INFO o.a.j.t.JMeterThread: Thread is done: Thread Group 1-5
2019-05-09 14:46:09,384 INFO o.a.j.t.JMeterThread: Thread finished: Thread Group 1-5
2019-05-09 14:46:09,479 INFO o.a.j.t.JMeterThread: Thread started: Thread Group 1-6
2019-05-09 14:46:09,481 INFO o.a.j.p.j.s.JUnitSampler: Trying to find constructor with one String parameter returned error: test.RerunTest.<init>(java.lang.String)
2019-05-09 14:46:09,481 WARN o.a.j.p.j.s.JUnitSampler: test.RerunTest.setUp()
2019-05-09 14:46:09,481 WARN o.a.j.p.j.s.JUnitSampler: test.RerunTest.tearDown()
2019-05-09 14:46:09,481 INFO o.a.j.t.JMeterThread: Thread is done: Thread Group 1-6
2019-05-09 14:46:09,481 INFO o.a.j.t.JMeterThread: Thread finished: Thread Group 1-6
2019-05-09 14:46:09,581 INFO o.a.j.t.JMeterThread: Thread started: Thread Group 1-7
2019-05-09 14:46:09,581 INFO o.a.j.p.j.s.JUnitSampler: Trying to find constructor with one String parameter returned error: test.RerunTest.<init>(java.lang.String)
2019-05-09 14:46:09,581 WARN o.a.j.p.j.s.JUnitSampler: test.RerunTest.setUp()
2019-05-09 14:46:09,581 WARN o.a.j.p.j.s.JUnitSampler: test.RerunTest.tearDown()
2019-05-09 14:46:09,583 INFO o.a.j.t.JMeterThread: Thread is done: Thread Group 1-7
2019-05-09 14:46:09,584 INFO o.a.j.t.JMeterThread: Thread finished: Thread Group 1-7
2019-05-09 14:46:09,679 INFO o.a.j.t.JMeterThread: Thread started: Thread Group 1-8
2019-05-09 14:46:09,679 INFO o.a.j.p.j.s.JUnitSampler: Trying to find constructor with one String parameter returned error: test.RerunTest.<init>(java.lang.String)
2019-05-09 14:46:09,679 WARN o.a.j.p.j.s.JUnitSampler: test.RerunTest.setUp()
2019-05-09 14:46:09,679 WARN o.a.j.p.j.s.JUnitSampler: test.RerunTest.tearDown()
2019-05-09 14:46:09,680 INFO o.a.j.t.JMeterThread: Thread is done: Thread Group 1-8
2019-05-09 14:46:09,680 INFO o.a.j.t.JMeterThread: Thread finished: Thread Group 1-8
2019-05-09 14:46:09,781 INFO o.a.j.t.JMeterThread: Thread started: Thread Group 1-9
2019-05-09 14:46:09,781 INFO o.a.j.p.j.s.JUnitSampler: Trying to find constructor with one String parameter returned error: test.RerunTest.<init>(java.lang.String)
2019-05-09 14:46:09,782 WARN o.a.j.p.j.s.JUnitSampler: test.RerunTest.setUp()
2019-05-09 14:46:09,783 WARN o.a.j.p.j.s.JUnitSampler: test.RerunTest.tearDown()
2019-05-09 14:46:09,783 INFO o.a.j.t.JMeterThread: Thread is done: Thread Group 1-9
2019-05-09 14:46:09,783 INFO o.a.j.t.JMeterThread: Thread finished: Thread Group 1-9
2019-05-09 14:46:09,879 INFO o.a.j.t.JMeterThread: Thread started: Thread Group 1-10
2019-05-09 14:46:09,881 INFO o.a.j.p.j.s.JUnitSampler: Trying to find constructor with one String parameter returned error: test.RerunTest.<init>(java.lang.String)
2019-05-09 14:46:09,881 WARN o.a.j.p.j.s.JUnitSampler: test.RerunTest.setUp()
2019-05-09 14:46:09,881 WARN o.a.j.p.j.s.JUnitSampler: test.RerunTest.tearDown()
2019-05-09 14:46:09,883 INFO o.a.j.t.JMeterThread: Thread is done: Thread Group 1-10
2019-05-09 14:46:09,884 INFO o.a.j.t.JMeterThread: Thread finished: Thread Group 1-10
2019-05-09 14:46:09,885 INFO o.a.j.e.StandardJMeterEngine: Notifying test listeners of end of test
2019-05-09 14:46:09,885 INFO o.a.j.g.u.JMeterMenuBar: setRunning(false, *local*)
2019-05-09 14:47:04,578 INFO o.a.j.e.StandardJMeterEngine: Running the test!
2019-05-09 14:47:04,578 INFO o.a.j.s.SampleEvent: List of sample_variables: []
2019-05-09 14:47:04,578 INFO o.a.j.g.u.JMeterMenuBar: setRunning(true, *local*)
2019-05-09 14:47:04,687 INFO o.a.j.e.StandardJMeterEngine: Starting ThreadGroup: 1 : Thread Group
2019-05-09 14:47:04,687 INFO o.a.j.e.StandardJMeterEngine: Starting 10 threads for group Thread Group.
2019-05-09 14:47:04,687 INFO o.a.j.e.StandardJMeterEngine: Thread will continue on error
2019-05-09 14:47:04,687 INFO o.a.j.t.ThreadGroup: Starting thread group... number=1 threads=10 ramp-up=1 delayedStart=false
2019-05-09 14:47:04,687 INFO o.a.j.t.ThreadGroup: Started thread group number 1
2019-05-09 14:47:04,687 INFO o.a.j.e.StandardJMeterEngine: All thread groups have been started
2019-05-09 14:47:04,703 INFO o.a.j.t.JMeterThread: Thread started: Thread Group 1-1
2019-05-09 14:47:04,704 INFO o.a.j.p.j.s.JUnitSampler: Trying to find constructor with one String parameter returned error: test.Junit4AnnotationsTest.<init>(java.lang.String)
2019-05-09 14:47:04,705 INFO o.a.j.t.JMeterThread: Thread is done: Thread Group 1-1
2019-05-09 14:47:04,705 INFO o.a.j.t.JMeterThread: Thread finished: Thread Group 1-1
2019-05-09 14:47:04,791 INFO o.a.j.t.JMeterThread: Thread started: Thread Group 1-2
2019-05-09 14:47:04,796 INFO o.a.j.p.j.s.JUnitSampler: Trying to find constructor with one String parameter returned error: test.Junit4AnnotationsTest.<init>(java.lang.String)
2019-05-09 14:47:04,797 INFO o.a.j.t.JMeterThread: Thread is done: Thread Group 1-2
2019-05-09 14:47:04,797 INFO o.a.j.t.JMeterThread: Thread finished: Thread Group 1-2
2019-05-09 14:47:04,903 INFO o.a.j.t.JMeterThread: Thread started: Thread Group 1-3
2019-05-09 14:47:04,906 INFO o.a.j.p.j.s.JUnitSampler: Trying to find constructor with one String parameter returned error: test.Junit4AnnotationsTest.<init>(java.lang.String)
2019-05-09 14:47:04,906 INFO o.a.j.t.JMeterThread: Thread is done: Thread Group 1-3
2019-05-09 14:47:04,906 INFO o.a.j.t.JMeterThread: Thread finished: Thread Group 1-3
2019-05-09 14:47:05,015 INFO o.a.j.t.JMeterThread: Thread started: Thread Group 1-4
2019-05-09 14:47:05,016 INFO o.a.j.p.j.s.JUnitSampler: Trying to find constructor with one String parameter returned error: test.Junit4AnnotationsTest.<init>(java.lang.String)
2019-05-09 14:47:05,016 INFO o.a.j.t.JMeterThread: Thread is done: Thread Group 1-4
2019-05-09 14:47:05,016 INFO o.a.j.t.JMeterThread: Thread finished: Thread Group 1-4
2019-05-09 14:47:05,103 INFO o.a.j.t.JMeterThread: Thread started: Thread Group 1-5
2019-05-09 14:47:05,104 INFO o.a.j.p.j.s.JUnitSampler: Trying to find constructor with one String parameter returned error: test.Junit4AnnotationsTest.<init>(java.lang.String)
2019-05-09 14:47:05,106 INFO o.a.j.t.JMeterThread: Thread is done: Thread Group 1-5
2019-05-09 14:47:05,107 INFO o.a.j.t.JMeterThread: Thread finished: Thread Group 1-5
2019-05-09 14:47:05,203 INFO o.a.j.t.JMeterThread: Thread started: Thread Group 1-6
2019-05-09 14:47:05,205 INFO o.a.j.p.j.s.JUnitSampler: Trying to find constructor with one String parameter returned error: test.Junit4AnnotationsTest.<init>(java.lang.String)
2019-05-09 14:47:05,206 INFO o.a.j.t.JMeterThread: Thread is done: Thread Group 1-6
2019-05-09 14:47:05,206 INFO o.a.j.t.JMeterThread: Thread finished: Thread Group 1-6
2019-05-09 14:47:05,303 INFO o.a.j.t.JMeterThread: Thread started: Thread Group 1-7
2019-05-09 14:47:05,304 INFO o.a.j.p.j.s.JUnitSampler: Trying to find constructor with one String parameter returned error: test.Junit4AnnotationsTest.<init>(java.lang.String)
2019-05-09 14:47:05,305 INFO o.a.j.t.JMeterThread: Thread is done: Thread Group 1-7
2019-05-09 14:47:05,305 INFO o.a.j.t.JMeterThread: Thread finished: Thread Group 1-7
2019-05-09 14:47:05,403 INFO o.a.j.t.JMeterThread: Thread started: Thread Group 1-8
2019-05-09 14:47:05,403 INFO o.a.j.p.j.s.JUnitSampler: Trying to find constructor with one String parameter returned error: test.Junit4AnnotationsTest.<init>(java.lang.String)
2019-05-09 14:47:05,403 INFO o.a.j.t.JMeterThread: Thread is done: Thread Group 1-8
2019-05-09 14:47:05,403 INFO o.a.j.t.JMeterThread: Thread finished: Thread Group 1-8
2019-05-09 14:47:05,506 INFO o.a.j.t.JMeterThread: Thread started: Thread Group 1-9
2019-05-09 14:47:05,507 INFO o.a.j.p.j.s.JUnitSampler: Trying to find constructor with one String parameter returned error: test.Junit4AnnotationsTest.<init>(java.lang.String)
2019-05-09 14:47:05,507 INFO o.a.j.t.JMeterThread: Thread is done: Thread Group 1-9
2019-05-09 14:47:05,507 INFO o.a.j.t.JMeterThread: Thread finished: Thread Group 1-9
2019-05-09 14:47:05,624 INFO o.a.j.t.JMeterThread: Thread started: Thread Group 1-10
2019-05-09 14:47:05,625 INFO o.a.j.p.j.s.JUnitSampler: Trying to find constructor with one String parameter returned error: test.Junit4AnnotationsTest.<init>(java.lang.String)
2019-05-09 14:47:05,625 INFO o.a.j.t.JMeterThread: Thread is done: Thread Group 1-10
2019-05-09 14:47:05,625 INFO o.a.j.t.JMeterThread: Thread finished: Thread Group 1-10
2019-05-09 14:47:05,626 INFO o.a.j.e.StandardJMeterEngine: Notifying test listeners of end of test
2019-05-09 14:47:05,627 INFO o.a.j.g.u.JMeterMenuBar: setRunning(false, *local*)
